2020-03-15 18:53:40.684  INFO 9720 --- [restartedMain] c.g.pma.ProjectManagementApplication     : Starting ProjectManagementApplication on DESKTOP-OKM2KO5 with PID 9720 (C:\project-management\target\classes started by ghevi in C:\project-management)
2020-03-15 18:53:40.687 DEBUG 9720 --- [restartedMain] c.g.pma.ProjectManagementApplication     : Running with Spring Boot v2.2.5.RELEASE, Spring v5.2.4.RELEASE
2020-03-15 18:53:40.687  INFO 9720 --- [restartedMain] c.g.pma.ProjectManagementApplication     : The following profiles are active: dev
2020-03-15 18:53:44.321  WARN 9720 --- [restartedMain] JpaBaseConfiguration$JpaWebConfiguration : spring.jpa.open-in-view is enabled by default. Therefore, database queries may be performed during view rendering. Explicitly configure spring.jpa.open-in-view to disable this warning
2020-03-15 18:53:44.854  INFO 9720 --- [restartedMain] c.g.pma.ProjectManagementApplication     : Started ProjectManagementApplication in 4.535 seconds (JVM running for 5.04)
= 20-54--15  INFO 6888 --- [restartedMain] c.g.pma.ProjectManagementApplication     : Starting ProjectManagementApplication on DESKTOP-OKM2KO5 with PID 6888 (C:\project-management\target\classes started by ghevi in C:\project-management)
= 20-54--15 DEBUG 6888 --- [restartedMain] c.g.pma.ProjectManagementApplication     : Running with Spring Boot v2.2.5.RELEASE, Spring v5.2.4.RELEASE
= 20-54--15  INFO 6888 --- [restartedMain] c.g.pma.ProjectManagementApplication     : The following profiles are active: dev
= 20-54--15  WARN 6888 --- [restartedMain] JpaBaseConfiguration$JpaWebConfiguration : spring.jpa.open-in-view is enabled by default. Therefore, database queries may be performed during view rendering. Explicitly configure spring.jpa.open-in-view to disable this warning
= 20-54--15  INFO 6888 --- [restartedMain] c.g.pma.ProjectManagementApplication     : Started ProjectManagementApplication in 4.677 seconds (JVM running for 5.183)
2020-03-15 18:54:29.988  INFO 7976 --- [restartedMain] c.g.pma.ProjectManagementApplication     : Starting ProjectManagementApplication on DESKTOP-OKM2KO5 with PID 7976 (C:\project-management\target\classes started by ghevi in C:\project-management)
2020-03-15 18:54:29.992 DEBUG 7976 --- [restartedMain] c.g.pma.ProjectManagementApplication     : Running with Spring Boot v2.2.5.RELEASE, Spring v5.2.4.RELEASE
2020-03-15 18:54:29.992  INFO 7976 --- [restartedMain] c.g.pma.ProjectManagementApplication     : The following profiles are active: dev
2020-03-15 18:54:33.796  WARN 7976 --- [restartedMain] JpaBaseConfiguration$JpaWebConfiguration : spring.jpa.open-in-view is enabled by default. Therefore, database queries may be performed during view rendering. Explicitly configure spring.jpa.open-in-view to disable this warning
2020-03-15 18:54:34.464  INFO 7976 --- [restartedMain] c.g.pma.ProjectManagementApplication     : Started ProjectManagementApplication in 4.827 seconds (JVM running for 5.32)
2020-03-15 18:54:55.877 ERROR 7976 --- [Thread-4] .SchemaDropperImpl$DelayedDropActionImpl : HHH000478: Unsuccessful: drop table employee if exists
2020-03-15 18:54:55.879 ERROR 7976 --- [Thread-4] .SchemaDropperImpl$DelayedDropActionImpl : HHH000478: Unsuccessful: drop table project if exists
2020-03-15 18:54:56.095  WARN 7976 --- [Thread-4] o.s.b.f.support.DisposableBeanAdapter    : Invocation of destroy method failed on bean with name 'inMemoryDatabaseShutdownExecutor': org.h2.jdbc.JdbcSQLNonTransientConnectionException: Database is already closed (to disable automatic closing at VM shutdown, add ";DB_CLOSE_ON_EXIT=FALSE" to the db URL) [90121-200]
2020-03-15 18:54:56.315  INFO 7976 --- [restartedMain] c.g.pma.ProjectManagementApplication     : Starting ProjectManagementApplication on DESKTOP-OKM2KO5 with PID 7976 (C:\project-management\target\classes started by ghevi in C:\project-management)
2020-03-15 18:54:56.315 DEBUG 7976 --- [restartedMain] c.g.pma.ProjectManagementApplication     : Running with Spring Boot v2.2.5.RELEASE, Spring v5.2.4.RELEASE
2020-03-15 18:54:56.315  INFO 7976 --- [restartedMain] c.g.pma.ProjectManagementApplication     : The following profiles are active: dev
2020-03-15 18:54:56.949  WARN 7976 --- [restartedMain] JpaBaseConfiguration$JpaWebConfiguration : spring.jpa.open-in-view is enabled by default. Therefore, database queries may be performed during view rendering. Explicitly configure spring.jpa.open-in-view to disable this warning
2020-03-15 18:54:57.111  INFO 7976 --- [restartedMain] c.g.pma.ProjectManagementApplication     : Started ProjectManagementApplication in 0.831 seconds (JVM running for 27.967)
